<?xml version="1.0" encoding="UTF-8"?>
<testsuite name="TicTacToeTest" tests="1" skipped="0" failures="0" errors="0" timestamp="2020-09-16T09:56:23" hostname="becode-HP-EliteBook-840-G1" time="0.883">
  <properties/>
  <testcase name="start" classname="TicTacToeTest" time="0.883"/>
  <system-out><![CDATA[?[1;31m
Start test 1?[0m
---------
|       |
|       |
|       |
---------
Enter your coordinates (1-3): > 4 2
Wrong input enter only 1 number between 1-3: 
Enter your coordinates (1-3): > 4 3
Wrong input enter only 1 number between 1-3: 
Enter your coordinates (1-3): > 2 3
---------
|   X   |
|       |
|       |
---------
Enter your coordinates (1-3): > 1 2
---------
|   X   |
| O     |
|       |
---------
Enter your coordinates (1-3): > 3 2
---------
|   X   |
| O   X |
|       |
---------
Enter your coordinates (1-3): > 3 3
---------
|   X O |
| O   X |
|       |
---------
Enter your coordinates (1-3): > 4 1
Wrong input enter only 1 number between 1-3: 
Enter your coordinates (1-3): > 1 1
---------
|   X O |
| O   X |
| X     |
---------
Enter your coordinates (1-3): > 2 2
---------
|   X O |
| O O X |
| X     |
---------
Enter your coordinates (1-3): > 3 4
Wrong input enter only 1 number between 1-3: 
Enter your coordinates (1-3): > 1 1
This cell is occupied! Choose another one!
Enter your coordinates (1-3): > 1 2
This cell is occupied! Choose another one!
Enter your coordinates (1-3): > 1 3
---------
| X X O |
| O O X |
| X     |
---------
Enter your coordinates (1-3): > 2 1
---------
| X X O |
| O O X |
| X O   |
---------
Enter your coordinates (1-3): > 2 2
This cell is occupied! Choose another one!
Enter your coordinates (1-3): > 2 3
This cell is occupied! Choose another one!
Enter your coordinates (1-3): > 3 1
---------
| X X O |
| O O X |
| X O X |
---------
Draw
?[1;31m
Start test 2?[0m
---------
|       |
|       |
|       |
---------
Enter your coordinates (1-3): > 4 1
Wrong input enter only 1 number between 1-3: 
Enter your coordinates (1-3): > 2 2
---------
|       |
|   X   |
|       |
---------
Enter your coordinates (1-3): > 3 3
---------
|     O |
|   X   |
|       |
---------
Enter your coordinates (1-3): > 1 2
---------
|     O |
| X X   |
|       |
---------
Enter your coordinates (1-3): > 2 1
---------
|     O |
| X X   |
|   O   |
---------
Enter your coordinates (1-3): > 2 1
This cell is occupied! Choose another one!
Enter your coordinates (1-3): > 4 1
Wrong input enter only 1 number between 1-3: 
Enter your coordinates (1-3): > 2 2
This cell is occupied! Choose another one!
Enter your coordinates (1-3): > 3 3
This cell is occupied! Choose another one!
Enter your coordinates (1-3): > 2 1
This cell is occupied! Choose another one!
Enter your coordinates (1-3): > 2 3
---------
|   X O |
| X X   |
|   O   |
---------
Enter your coordinates (1-3): > 1 2
This cell is occupied! Choose another one!
Enter your coordinates (1-3): > 1 3
---------
| O X O |
| X X   |
|   O   |
---------
Enter your coordinates (1-3): > 2 1
This cell is occupied! Choose another one!
Enter your coordinates (1-3): > 2 2
This cell is occupied! Choose another one!
Enter your coordinates (1-3): > 2 3
This cell is occupied! Choose another one!
Enter your coordinates (1-3): > 3 1
---------
| O X O |
| X X   |
|   O X |
---------
Enter your coordinates (1-3): > 3 2
---------
| O X O |
| X X O |
|   O X |
---------
Enter your coordinates (1-3): > 3 3
This cell is occupied! Choose another one!
Enter your coordinates (1-3): > 1 1
---------
| O X O |
| X X O |
| X O X |
---------
Draw
?[1;31m
Start test 3?[0m
---------
|       |
|       |
|       |
---------
Enter your coordinates (1-3): > 3 4
Wrong input enter only 1 number between 1-3: 
Enter your coordinates (1-3): > 4 4
Wrong input enter only 1 number between 1-3: 
Enter your coordinates (1-3): > 3 2
---------
|       |
|     X |
|       |
---------
Enter your coordinates (1-3): > 2 3
---------
|   O   |
|     X |
|       |
---------
Enter your coordinates (1-3): > 3 2
This cell is occupied! Choose another one!
Enter your coordinates (1-3): > 3 2
This cell is occupied! Choose another one!
Enter your coordinates (1-3): > 4 2
Wrong input enter only 1 number between 1-3: 
Enter your coordinates (1-3): > 1 1
---------
|   O   |
|     X |
| X     |
---------
Enter your coordinates (1-3): > 4 1
Wrong input enter only 1 number between 1-3: 
Enter your coordinates (1-3): > 4 4
Wrong input enter only 1 number between 1-3: 
Enter your coordinates (1-3): > 1 3
---------
| O O   |
|     X |
| X     |
---------
Enter your coordinates (1-3): > 2 1
---------
| O O   |
|     X |
| X X   |
---------
Enter your coordinates (1-3): > 2 2
---------
| O O   |
|   O X |
| X X   |
---------
Enter your coordinates (1-3): > 2 3
This cell is occupied! Choose another one!
Enter your coordinates (1-3): > 3 1
---------
| O O   |
|   O X |
| X X X |
---------
X wins
?[1;31m
Start test 4?[0m
---------
|       |
|       |
|       |
---------
Enter your coordinates (1-3): > 4 3
Wrong input enter only 1 number between 1-3: 
Enter your coordinates (1-3): > 3 1
---------
|       |
|       |
|     X |
---------
Enter your coordinates (1-3): > 2 3
---------
|   O   |
|       |
|     X |
---------
Enter your coordinates (1-3): > 3 4
Wrong input enter only 1 number between 1-3: 
Enter your coordinates (1-3): > 3 2
---------
|   O   |
|     X |
|     X |
---------
Enter your coordinates (1-3): > 1 4
Wrong input enter only 1 number between 1-3: 
Enter your coordinates (1-3): > 4 2
Wrong input enter only 1 number between 1-3: 
Enter your coordinates (1-3): > 1 1
---------
|   O   |
|     X |
| O   X |
---------
Enter your coordinates (1-3): > 3 3
---------
|   O X |
|     X |
| O   X |
---------
X wins
?[1;31m
Start test 5?[0m
---------
|       |
|       |
|       |
---------
Enter your coordinates (1-3): > 3 1
---------
|       |
|       |
|     X |
---------
Enter your coordinates (1-3): > 2 3
---------
|   O   |
|       |
|     X |
---------
Enter your coordinates (1-3): > 1 3
---------
| X O   |
|       |
|     X |
---------
Enter your coordinates (1-3): > 1 2
---------
| X O   |
| O     |
|     X |
---------
Enter your coordinates (1-3): > 2 2
---------
| X O   |
| O X   |
|     X |
---------
X wins
?[1;31m
Start test 6?[0m
---------
|       |
|       |
|       |
---------
Enter your coordinates (1-3): > 4 5
Wrong input enter only 1 number between 1-3: 
Enter your coordinates (1-3): > 1 4
Wrong input enter only 1 number between 1-3: 
Enter your coordinates (1-3): > 2 4
Wrong input enter only 1 number between 1-3: 
Enter your coordinates (1-3): > 1 3
---------
| X     |
|       |
|       |
---------
Enter your coordinates (1-3): > 2 2
---------
| X     |
|   O   |
|       |
---------
Enter your coordinates (1-3): > 2 2
This cell is occupied! Choose another one!
Enter your coordinates (1-3): > 1 4
Wrong input enter only 1 number between 1-3: 
Enter your coordinates (1-3): > 3 2
---------
| X     |
|   O X |
|       |
---------
Enter your coordinates (1-3): > 1 4
Wrong input enter only 1 number between 1-3: 
Enter your coordinates (1-3): > 1 2
---------
| X     |
| O O X |
|       |
---------
Enter your coordinates (1-3): > 4 3
Wrong input enter only 1 number between 1-3: 
Enter your coordinates (1-3): > 2 3
---------
| X X   |
| O O X |
|       |
---------
Enter your coordinates (1-3): > 3 1
---------
| X X   |
| O O X |
|     O |
---------
Enter your coordinates (1-3): > 3 2
This cell is occupied! Choose another one!
Enter your coordinates (1-3): > 3 3
---------
| X X X |
| O O X |
|     O |
---------
X wins
?[1;31m
Start test 7?[0m
---------
|       |
|       |
|       |
---------
Enter your coordinates (1-3): > 2 1
---------
|       |
|       |
|   X   |
---------
Enter your coordinates (1-3): > 4 3
Wrong input enter only 1 number between 1-3: 
Enter your coordinates (1-3): > 4 3
Wrong input enter only 1 number between 1-3: 
Enter your coordinates (1-3): > 2 4
Wrong input enter only 1 number between 1-3: 
Enter your coordinates (1-3): > 2 1
This cell is occupied! Choose another one!
Enter your coordinates (1-3): > 4 3
Wrong input enter only 1 number between 1-3: 
Enter your coordinates (1-3): > 4 2
Wrong input enter only 1 number between 1-3: 
Enter your coordinates (1-3): > 2 1
This cell is occupied! Choose another one!
Enter your coordinates (1-3): > 1 3
---------
| O     |
|       |
|   X   |
---------
Enter your coordinates (1-3): > 4 2
Wrong input enter only 1 number between 1-3: 
Enter your coordinates (1-3): > 3 1
---------
| O     |
|       |
|   X X |
---------
Enter your coordinates (1-3): > 3 2
---------
| O     |
|     O |
|   X X |
---------
Enter your coordinates (1-3): > 3 3
---------
| O   X |
|     O |
|   X X |
---------
Enter your coordinates (1-3): > 1 1
---------
| O   X |
|     O |
| O X X |
---------
Enter your coordinates (1-3): > 1 2
---------
| O   X |
| X   O |
| O X X |
---------
Enter your coordinates (1-3): > 1 3
This cell is occupied! Choose another one!
Enter your coordinates (1-3): > 2 1
This cell is occupied! Choose another one!
Enter your coordinates (1-3): > 2 2
---------
| O   X |
| X O O |
| O X X |
---------
Enter your coordinates (1-3): > 2 3
---------
| O X X |
| X O O |
| O X X |
---------
Draw
?[1;31m
Start test 8?[0m
---------
|       |
|       |
|       |
---------
Enter your coordinates (1-3): > 4 7
Wrong input enter only 1 number between 1-3: 
Enter your coordinates (1-3): > 3 3
---------
|     X |
|       |
|       |
---------
Enter your coordinates (1-3): > 4 2
Wrong input enter only 1 number between 1-3: 
Enter your coordinates (1-3): > 3 2
---------
|     X |
|     O |
|       |
---------
Enter your coordinates (1-3): > 2 2
---------
|     X |
|   X O |
|       |
---------
Enter your coordinates (1-3): > 2 1
---------
|     X |
|   X O |
|   O   |
---------
Enter your coordinates (1-3): > 4 2
Wrong input enter only 1 number between 1-3: 
Enter your coordinates (1-3): > 1 3
---------
| X   X |
|   X O |
|   O   |
---------
Enter your coordinates (1-3): > 4 3
Wrong input enter only 1 number between 1-3: 
Enter your coordinates (1-3): > 2 2
This cell is occupied! Choose another one!
Enter your coordinates (1-3): > 1 1
---------
| X   X |
|   X O |
| O O   |
---------
Enter your coordinates (1-3): > 3 2
This cell is occupied! Choose another one!
Enter your coordinates (1-3): > 3 3
This cell is occupied! Choose another one!
Enter your coordinates (1-3): > 1 1
This cell is occupied! Choose another one!
Enter your coordinates (1-3): > 1 2
---------
| X   X |
| X X O |
| O O   |
---------
Enter your coordinates (1-3): > 1 3
This cell is occupied! Choose another one!
Enter your coordinates (1-3): > 2 1
This cell is occupied! Choose another one!
Enter your coordinates (1-3): > 2 2
This cell is occupied! Choose another one!
Enter your coordinates (1-3): > 2 3
---------
| X O X |
| X X O |
| O O   |
---------
Enter your coordinates (1-3): > 3 1
---------
| X O X |
| X X O |
| O O X |
---------
X wins
?[1;31m
Start test 9?[0m
---------
|       |
|       |
|       |
---------
Enter your coordinates (1-3): > 4 3
Wrong input enter only 1 number between 1-3: 
Enter your coordinates (1-3): > 4 2
Wrong input enter only 1 number between 1-3: 
Enter your coordinates (1-3): > 3 1
---------
|       |
|       |
|     X |
---------
Enter your coordinates (1-3): > 1 4
Wrong input enter only 1 number between 1-3: 
Enter your coordinates (1-3): > 1 2
---------
|       |
| O     |
|     X |
---------
Enter your coordinates (1-3): > 2 2
---------
|       |
| O X   |
|     X |
---------
Enter your coordinates (1-3): > 1 4
Wrong input enter only 1 number between 1-3: 
Enter your coordinates (1-3): > 1 1
---------
|       |
| O X   |
| O   X |
---------
Enter your coordinates (1-3): > 3 3
---------
|     X |
| O X   |
| O   X |
---------
Enter your coordinates (1-3): > 3 3
This cell is occupied! Choose another one!
Enter your coordinates (1-3): > 3 3
This cell is occupied! Choose another one!
Enter your coordinates (1-3): > 1 1
This cell is occupied! Choose another one!
Enter your coordinates (1-3): > 1 2
This cell is occupied! Choose another one!
Enter your coordinates (1-3): > 1 3
---------
| O   X |
| O X   |
| O   X |
---------
O wins
]]></system-out>
  <system-err><![CDATA[]]></system-err>
</testsuite>
